0 info it worked if it ends with ok
1 verbose cli [ 'C:\\Program Files\\nodejs\\node.exe',
1 verbose cli   'C:\\Program Files\\nodejs\\node_modules\\npm\\bin\\npm-cli.js',
1 verbose cli   'install',
1 verbose cli   'angular-native-picker' ]
2 info using npm@2.15.5
3 info using node@v4.4.5
4 verbose install initial load of E:\susierock17\Qulix_App\ExRate\package.json
5 warn package.json exrate@1.1.1 No repository field.
6 warn package.json exrate@1.1.1 No license field.
7 verbose installManyTop reading scoped package data from E:\susierock17\Qulix_App\ExRate\node_modules\bower\package.json
8 verbose installManyTop reading scoped package data from E:\susierock17\Qulix_App\ExRate\node_modules\datepicker-for-ionic\package.json
9 verbose installManyTop reading scoped package data from E:\susierock17\Qulix_App\ExRate\node_modules\gulp\package.json
10 verbose installManyTop reading scoped package data from E:\susierock17\Qulix_App\ExRate\node_modules\gulp-concat\package.json
11 verbose installManyTop reading scoped package data from E:\susierock17\Qulix_App\ExRate\node_modules\gulp-minify-css\package.json
12 verbose installManyTop reading scoped package data from E:\susierock17\Qulix_App\ExRate\node_modules\gulp-rename\package.json
13 verbose installManyTop reading scoped package data from E:\susierock17\Qulix_App\ExRate\node_modules\gulp-sass\package.json
14 verbose installManyTop reading scoped package data from E:\susierock17\Qulix_App\ExRate\node_modules\gulp-util\package.json
15 verbose installManyTop reading scoped package data from E:\susierock17\Qulix_App\ExRate\node_modules\jquery\package.json
16 verbose installManyTop reading scoped package data from E:\susierock17\Qulix_App\ExRate\node_modules\sass\package.json
17 verbose installManyTop reading scoped package data from E:\susierock17\Qulix_App\ExRate\node_modules\shelljs\package.json
18 info package.json shelljs@0.3.0 license should be a valid SPDX license expression
19 info package.json gulp-util@2.2.20 No license field.
20 info package.json gulp-minify-css@0.3.13 No license field.
21 info package.json gulp-rename@1.2.2 No license field.
22 info package.json sass@0.5.0 No repository field.
23 info package.json sass@0.5.0 No license field.
24 verbose readDependencies loading dependencies from E:\susierock17\Qulix_App\ExRate\package.json
25 silly cache add args [ 'angular-native-picker', null ]
26 verbose cache add spec angular-native-picker
27 silly cache add parsed spec Result {
27 silly cache add   raw: 'angular-native-picker',
27 silly cache add   scope: null,
27 silly cache add   name: 'angular-native-picker',
27 silly cache add   rawSpec: '',
27 silly cache add   spec: 'latest',
27 silly cache add   type: 'tag' }
28 silly addNamed angular-native-picker@latest
29 verbose addNamed "latest" is being treated as a dist-tag for angular-native-picker
30 info addNameTag [ 'angular-native-picker', 'latest' ]
31 silly mapToRegistry name angular-native-picker
32 silly mapToRegistry using default registry
33 silly mapToRegistry registry https://registry.npmjs.org/
34 silly mapToRegistry data Result {
34 silly mapToRegistry   raw: 'angular-native-picker',
34 silly mapToRegistry   scope: null,
34 silly mapToRegistry   name: 'angular-native-picker',
34 silly mapToRegistry   rawSpec: '',
34 silly mapToRegistry   spec: 'latest',
34 silly mapToRegistry   type: 'tag' }
35 silly mapToRegistry uri https://registry.npmjs.org/angular-native-picker
36 verbose addNameTag registry:https://registry.npmjs.org/angular-native-picker not in flight; fetching
37 verbose request uri https://registry.npmjs.org/angular-native-picker
38 verbose request no auth needed
39 info attempt registry request try #1 at 10:43:03
40 verbose request id 77900f682a5e7817
41 http request GET https://registry.npmjs.org/angular-native-picker
42 http 404 https://registry.npmjs.org/angular-native-picker
43 verbose headers { 'content-type': 'application/json',
43 verbose headers   'cache-control': 'max-age=0',
43 verbose headers   'content-length': '2',
43 verbose headers   'accept-ranges': 'bytes',
43 verbose headers   date: 'Wed, 29 Jun 2016 07:43:04 GMT',
43 verbose headers   via: '1.1 varnish',
43 verbose headers   age: '0',
43 verbose headers   connection: 'keep-alive',
43 verbose headers   'x-served-by': 'cache-lhr6335-LHR',
43 verbose headers   'x-cache': 'MISS',
43 verbose headers   'x-cache-hits': '0',
43 verbose headers   'x-timer': 'S1467186184.124584,VS0,VE175',
43 verbose headers   vary: 'Accept-Encoding' }
44 silly get cb [ 404,
44 silly get   { 'content-type': 'application/json',
44 silly get     'cache-control': 'max-age=0',
44 silly get     'content-length': '2',
44 silly get     'accept-ranges': 'bytes',
44 silly get     date: 'Wed, 29 Jun 2016 07:43:04 GMT',
44 silly get     via: '1.1 varnish',
44 silly get     age: '0',
44 silly get     connection: 'keep-alive',
44 silly get     'x-served-by': 'cache-lhr6335-LHR',
44 silly get     'x-cache': 'MISS',
44 silly get     'x-cache-hits': '0',
44 silly get     'x-timer': 'S1467186184.124584,VS0,VE175',
44 silly get     vary: 'Accept-Encoding' } ]
45 verbose stack Error: Registry returned 404 for GET on https://registry.npmjs.org/angular-native-picker
45 verbose stack     at makeError (C:\Program Files\nodejs\node_modules\npm\node_modules\npm-registry-client\lib\request.js:264:12)
45 verbose stack     at CachingRegistryClient.<anonymous> (C:\Program Files\nodejs\node_modules\npm\node_modules\npm-registry-client\lib\request.js:242:14)
45 verbose stack     at Request._callback (C:\Program Files\nodejs\node_modules\npm\node_modules\npm-registry-client\lib\request.js:172:14)
45 verbose stack     at Request.self.callback (C:\Program Files\nodejs\node_modules\npm\node_modules\request\request.js:200:22)
45 verbose stack     at emitTwo (events.js:87:13)
45 verbose stack     at Request.emit (events.js:172:7)
45 verbose stack     at Request.<anonymous> (C:\Program Files\nodejs\node_modules\npm\node_modules\request\request.js:1067:10)
45 verbose stack     at emitOne (events.js:82:20)
45 verbose stack     at Request.emit (events.js:169:7)
45 verbose stack     at IncomingMessage.<anonymous> (C:\Program Files\nodejs\node_modules\npm\node_modules\request\request.js:988:12)
46 verbose statusCode 404
47 verbose pkgid angular-native-picker
48 verbose cwd E:\susierock17\Qulix_App\ExRate
49 error Windows_NT 6.3.9600
50 error argv "C:\\Program Files\\nodejs\\node.exe" "C:\\Program Files\\nodejs\\node_modules\\npm\\bin\\npm-cli.js" "install" "angular-native-picker"
51 error node v4.4.5
52 error npm  v2.15.5
53 error code E404
54 error 404 Registry returned 404 for GET on https://registry.npmjs.org/angular-native-picker
54 error 404
54 error 404 'angular-native-picker' is not in the npm registry.
54 error 404 You should bug the author to publish it (or use the name yourself!)
54 error 404 It was specified as a dependency of 'exrate'
54 error 404
54 error 404 Note that you can also install from a
54 error 404 tarball, folder, http url, or git url.
55 verbose exit [ 1, true ]
